c:\users\17528\source\repos\meshapp\x64\debug\moc_data.obj
c:\users\17528\source\repos\meshapp\x64\debug\moc_meshapp.obj
c:\users\17528\source\repos\meshapp\x64\debug\qrc_meshapp.obj
c:\users\17528\source\repos\meshapp\x64\debug\vc142.pdb
c:\users\17528\source\repos\meshapp\x64\debug\main.obj
c:\users\17528\source\repos\meshapp\x64\debug\meshapp.obj
c:\users\17528\source\repos\meshapp\x64\debug\data.obj
c:\users\17528\source\repos\meshapp\x64\debug\meshapp.exe
c:\users\17528\source\repos\meshapp\x64\debug\meshapp.ilk
c:\users\17528\source\repos\meshapp\x64\debug\meshapp.pdb
c:\users\17528\source\repos\meshapp\x64\debug\uic\ui_meshapp.h
c:\users\17528\source\repos\meshapp\x64\debug\rcc\qrc_meshapp.cpp
c:\users\17528\source\repos\meshapp\x64\debug\moc\moc_meshapp.cpp
c:\users\17528\source\repos\meshapp\x64\debug\moc\moc_data.cpp
c:\users\17528\source\repos\meshapp\x64\debug\meshapp.tlog\cl.command.1.tlog
c:\users\17528\source\repos\meshapp\x64\debug\meshapp.tlog\cl.read.1.tlog
c:\users\17528\source\repos\meshapp\x64\debug\meshapp.tlog\cl.write.1.tlog
c:\users\17528\source\repos\meshapp\x64\debug\meshapp.tlog\link.command.1.tlog
c:\users\17528\source\repos\meshapp\x64\debug\meshapp.tlog\link.read.1.tlog
c:\users\17528\source\repos\meshapp\x64\debug\meshapp.tlog\link.write.1.tlog
c:\users\17528\source\repos\meshapp\x64\debug\meshapp.tlog\meshapp.write.1u.tlog
c:\users\17528\source\repos\meshapp\x64\debug\meshapp.tlog\moc.read.1u.tlog
c:\users\17528\source\repos\meshapp\x64\debug\meshapp.tlog\moc.write.1u.tlog
c:\users\17528\source\repos\meshapp\x64\debug\meshapp.tlog\rcc.read.1u.tlog
c:\users\17528\source\repos\meshapp\x64\debug\meshapp.tlog\rcc.write.1u.tlog
c:\users\17528\source\repos\meshapp\x64\debug\meshapp.tlog\uic.read.1u.tlog
c:\users\17528\source\repos\meshapp\x64\debug\meshapp.tlog\uic.write.1u.tlog
